-------------------------------------------------------------------------------
Test set: com.example.joins.JoinsApplicationTests
-------------------------------------------------------------------------------
Tests run: 1, Failures: 0, Errors: 1, Skipped: 0, Time elapsed: 0.138 s <<< FAILURE! - in com.example.joins.JoinsApplicationTests
com.example.joins.JoinsApplicationTests  Time elapsed: 0.137 s  <<< ERROR!
java.lang.IllegalStateException: Unable to find a @SpringBootConfiguration, you need to use @ContextConfiguration or @SpringBootTest(classes=...) with your test

